{"C:\\Users\\sebas\\OneDrive\\Escritorio\\DAWES\\23-api-documentation\\notes-app\\src\\controllers\\notes.js": {"path":"C:\\Users\\sebas\\OneDrive\\Escritorio\\DAWES\\23-api-documentation\\notes-app\\src\\controllers\\notes.js","statementMap":{"0":{"start":{"line":6,"column":17},"end":{"line":6,"column":26}},"1":{"start":{"line":8,"column":0},"end":{"line":10,"column":1}},"2":{"start":{"line":9,"column":4},"end":{"line":9,"column":27}},"3":{"start":{"line":13,"column":4},"end":{"line":41,"column":5}},"4":{"start":{"line":14,"column":48},"end":{"line":14,"column":56}},"5":{"start":{"line":15,"column":8},"end":{"line":17,"column":9}},"6":{"start":{"line":16,"column":12},"end":{"line":16,"column":75}},"7":{"start":{"line":18,"column":8},"end":{"line":20,"column":9}},"8":{"start":{"line":19,"column":12},"end":{"line":19,"column":74}},"9":{"start":{"line":21,"column":8},"end":{"line":23,"column":9}},"10":{"start":{"line":22,"column":12},"end":{"line":22,"column":89}},"11":{"start":{"line":24,"column":8},"end":{"line":26,"column":9}},"12":{"start":{"line":25,"column":12},"end":{"line":25,"column":75}},"13":{"start":{"line":27,"column":25},"end":{"line":27,"column":64}},"14":{"start":{"line":28,"column":21},"end":{"line":34,"column":9}},"15":{"start":{"line":35,"column":8},"end":{"line":35,"column":57}},"16":{"start":{"line":36,"column":8},"end":{"line":36,"column":49}},"17":{"start":{"line":37,"column":8},"end":{"line":37,"column":44}},"18":{"start":{"line":39,"column":8},"end":{"line":39,"column":62}},"19":{"start":{"line":40,"column":8},"end":{"line":40,"column":101}},"20":{"start":{"line":45,"column":4},"end":{"line":74,"column":5}},"21":{"start":{"line":46,"column":48},"end":{"line":46,"column":56}},"22":{"start":{"line":47,"column":8},"end":{"line":49,"column":9}},"23":{"start":{"line":48,"column":12},"end":{"line":48,"column":75}},"24":{"start":{"line":50,"column":8},"end":{"line":52,"column":9}},"25":{"start":{"line":51,"column":12},"end":{"line":51,"column":74}},"26":{"start":{"line":53,"column":8},"end":{"line":55,"column":9}},"27":{"start":{"line":54,"column":12},"end":{"line":54,"column":89}},"28":{"start":{"line":56,"column":8},"end":{"line":58,"column":9}},"29":{"start":{"line":57,"column":12},"end":{"line":57,"column":75}},"30":{"start":{"line":59,"column":25},"end":{"line":59,"column":64}},"31":{"start":{"line":60,"column":8},"end":{"line":70,"column":9}},"32":{"start":{"line":61,"column":25},"end":{"line":61,"column":62}},"33":{"start":{"line":62,"column":12},"end":{"line":62,"column":35}},"34":{"start":{"line":63,"column":12},"end":{"line":63,"column":37}},"35":{"start":{"line":64,"column":12},"end":{"line":64,"column":40}},"36":{"start":{"line":65,"column":12},"end":{"line":65,"column":61}},"37":{"start":{"line":66,"column":12},"end":{"line":66,"column":52}},"38":{"start":{"line":67,"column":12},"end":{"line":67,"column":49}},"39":{"start":{"line":69,"column":12},"end":{"line":69,"column":55}},"40":{"start":{"line":72,"column":8},"end":{"line":72,"column":61}},"41":{"start":{"line":73,"column":8},"end":{"line":73,"column":100}},"42":{"start":{"line":78,"column":4},"end":{"line":94,"column":5}},"43":{"start":{"line":79,"column":29},"end":{"line":79,"column":37}},"44":{"start":{"line":80,"column":8},"end":{"line":82,"column":9}},"45":{"start":{"line":81,"column":12},"end":{"line":81,"column":75}},"46":{"start":{"line":83,"column":25},"end":{"line":83,"column":64}},"47":{"start":{"line":84,"column":8},"end":{"line":90,"column":9}},"48":{"start":{"line":85,"column":12},"end":{"line":85,"column":36}},"49":{"start":{"line":86,"column":12},"end":{"line":86,"column":53}},"50":{"start":{"line":87,"column":12},"end":{"line":87,"column":51}},"51":{"start":{"line":89,"column":12},"end":{"line":89,"column":55}},"52":{"start":{"line":92,"column":8},"end":{"line":92,"column":62}},"53":{"start":{"line":93,"column":8},"end":{"line":93,"column":101}},"54":{"start":{"line":98,"column":4},"end":{"line":162,"column":5}},"55":{"start":{"line":99,"column":72},"end":{"line":99,"column":81}},"56":{"start":{"line":100,"column":8},"end":{"line":102,"column":9}},"57":{"start":{"line":101,"column":12},"end":{"line":101,"column":71}},"58":{"start":{"line":103,"column":8},"end":{"line":105,"column":9}},"59":{"start":{"line":104,"column":12},"end":{"line":104,"column":72}},"60":{"start":{"line":106,"column":20},"end":{"line":113,"column":40}},"61":{"start":{"line":107,"column":12},"end":{"line":112,"column":13}},"62":{"start":{"line":108,"column":16},"end":{"line":108,"column":78}},"63":{"start":{"line":110,"column":16},"end":{"line":110,"column":82}},"64":{"start":{"line":111,"column":16},"end":{"line":111,"column":28}},"65":{"start":{"line":113,"column":26},"end":{"line":113,"column":39}},"66":{"start":{"line":116,"column":8},"end":{"line":130,"column":9}},"67":{"start":{"line":117,"column":12},"end":{"line":129,"column":15}},"68":{"start":{"line":118,"column":16},"end":{"line":127,"column":17}},"69":{"start":{"line":119,"column":20},"end":{"line":119,"column":63}},"70":{"start":{"line":120,"column":23},"end":{"line":127,"column":17}},"71":{"start":{"line":121,"column":20},"end":{"line":121,"column":62}},"72":{"start":{"line":122,"column":23},"end":{"line":127,"column":17}},"73":{"start":{"line":123,"column":20},"end":{"line":123,"column":57}},"74":{"start":{"line":124,"column":23},"end":{"line":127,"column":17}},"75":{"start":{"line":125,"column":49},"end":{"line":125,"column":71}},"76":{"start":{"line":126,"column":20},"end":{"line":126,"column":124}},"77":{"start":{"line":128,"column":16},"end":{"line":128,"column":28}},"78":{"start":{"line":133,"column":8},"end":{"line":146,"column":9}},"79":{"start":{"line":134,"column":12},"end":{"line":145,"column":15}},"80":{"start":{"line":135,"column":16},"end":{"line":143,"column":17}},"81":{"start":{"line":136,"column":20},"end":{"line":136,"column":73}},"82":{"start":{"line":137,"column":23},"end":{"line":143,"column":17}},"83":{"start":{"line":138,"column":20},"end":{"line":138,"column":73}},"84":{"start":{"line":139,"column":23},"end":{"line":143,"column":17}},"85":{"start":{"line":140,"column":20},"end":{"line":140,"column":64}},"86":{"start":{"line":141,"column":23},"end":{"line":143,"column":17}},"87":{"start":{"line":142,"column":20},"end":{"line":142,"column":63}},"88":{"start":{"line":144,"column":16},"end":{"line":144,"column":25}},"89":{"start":{"line":149,"column":27},"end":{"line":149,"column":39}},"90":{"start":{"line":150,"column":27},"end":{"line":150,"column":56}},"91":{"start":{"line":151,"column":31},"end":{"line":151,"column":76}},"92":{"start":{"line":153,"column":8},"end":{"line":158,"column":11}},"93":{"start":{"line":160,"column":8},"end":{"line":160,"column":63}},"94":{"start":{"line":161,"column":8},"end":{"line":161,"column":102}},"95":{"start":{"line":166,"column":4},"end":{"line":182,"column":5}},"96":{"start":{"line":167,"column":22},"end":{"line":167,"column":31}},"97":{"start":{"line":168,"column":8},"end":{"line":170,"column":9}},"98":{"start":{"line":169,"column":12},"end":{"line":169,"column":72}},"99":{"start":{"line":172,"column":8},"end":{"line":176,"column":11}},"100":{"start":{"line":173,"column":29},"end":{"line":173,"column":67}},"101":{"start":{"line":174,"column":12},"end":{"line":174,"column":47}},"102":{"start":{"line":175,"column":12},"end":{"line":175,"column":63}},"103":{"start":{"line":178,"column":8},"end":{"line":178,"column":49}},"104":{"start":{"line":180,"column":8},"end":{"line":180,"column":64}},"105":{"start":{"line":181,"column":8},"end":{"line":181,"column":103}},"106":{"start":{"line":186,"column":4},"end":{"line":238,"column":5}},"107":{"start":{"line":187,"column":42},"end":{"line":187,"column":51}},"108":{"start":{"line":188,"column":20},"end":{"line":198,"column":40}},"109":{"start":{"line":189,"column":12},"end":{"line":197,"column":13}},"110":{"start":{"line":190,"column":16},"end":{"line":193,"column":18}},"111":{"start":{"line":195,"column":16},"end":{"line":195,"column":82}},"112":{"start":{"line":196,"column":16},"end":{"line":196,"column":28}},"113":{"start":{"line":198,"column":26},"end":{"line":198,"column":39}},"114":{"start":{"line":201,"column":8},"end":{"line":216,"column":9}},"115":{"start":{"line":202,"column":12},"end":{"line":215,"column":15}},"116":{"start":{"line":203,"column":36},"end":{"line":203,"column":60}},"117":{"start":{"line":204,"column":16},"end":{"line":213,"column":17}},"118":{"start":{"line":205,"column":20},"end":{"line":205,"column":70}},"119":{"start":{"line":206,"column":23},"end":{"line":213,"column":17}},"120":{"start":{"line":207,"column":20},"end":{"line":207,"column":69}},"121":{"start":{"line":208,"column":23},"end":{"line":213,"column":17}},"122":{"start":{"line":209,"column":20},"end":{"line":209,"column":64}},"123":{"start":{"line":210,"column":23},"end":{"line":213,"column":17}},"124":{"start":{"line":211,"column":49},"end":{"line":211,"column":71}},"125":{"start":{"line":212,"column":20},"end":{"line":212,"column":138}},"126":{"start":{"line":214,"column":16},"end":{"line":214,"column":28}},"127":{"start":{"line":218,"column":24},"end":{"line":220,"column":10}},"128":{"start":{"line":222,"column":8},"end":{"line":222,"column":36}},"129":{"start":{"line":224,"column":8},"end":{"line":226,"column":11}},"130":{"start":{"line":225,"column":12},"end":{"line":225,"column":22}},"131":{"start":{"line":228,"column":8},"end":{"line":228,"column":26}},"132":{"start":{"line":230,"column":8},"end":{"line":232,"column":11}},"133":{"start":{"line":231,"column":12},"end":{"line":231,"column":62}},"134":{"start":{"line":234,"column":8},"end":{"line":234,"column":27}},"135":{"start":{"line":236,"column":8},"end":{"line":236,"column":64}},"136":{"start":{"line":237,"column":8},"end":{"line":237,"column":103}}},"fnMap":{"0":{"name":"createNote","decl":{"start":{"line":12,"column":16},"end":{"line":12,"column":26}},"loc":{"start":{"line":12,"column":43},"end":{"line":42,"column":1}},"line":12},"1":{"name":"editNote","decl":{"start":{"line":44,"column":16},"end":{"line":44,"column":24}},"loc":{"start":{"line":44,"column":41},"end":{"line":75,"column":1}},"line":44},"2":{"name":"deleteNote","decl":{"start":{"line":77,"column":16},"end":{"line":77,"column":26}},"loc":{"start":{"line":77,"column":43},"end":{"line":95,"column":1}},"line":77},"3":{"name":"getNotes","decl":{"start":{"line":97,"column":16},"end":{"line":97,"column":24}},"loc":{"start":{"line":97,"column":41},"end":{"line":163,"column":1}},"line":97},"4":{"name":"(anonymous_4)","decl":{"start":{"line":106,"column":49},"end":{"line":106,"column":50}},"loc":{"start":{"line":106,"column":57},"end":{"line":113,"column":9}},"line":106},"5":{"name":"(anonymous_5)","decl":{"start":{"line":113,"column":18},"end":{"line":113,"column":19}},"loc":{"start":{"line":113,"column":26},"end":{"line":113,"column":39}},"line":113},"6":{"name":"(anonymous_6)","decl":{"start":{"line":117,"column":33},"end":{"line":117,"column":34}},"loc":{"start":{"line":117,"column":41},"end":{"line":129,"column":13}},"line":117},"7":{"name":"(anonymous_7)","decl":{"start":{"line":134,"column":23},"end":{"line":134,"column":24}},"loc":{"start":{"line":134,"column":33},"end":{"line":145,"column":13}},"line":134},"8":{"name":"importNotes","decl":{"start":{"line":165,"column":16},"end":{"line":165,"column":27}},"loc":{"start":{"line":165,"column":44},"end":{"line":183,"column":1}},"line":165},"9":{"name":"(anonymous_9)","decl":{"start":{"line":172,"column":22},"end":{"line":172,"column":23}},"loc":{"start":{"line":172,"column":30},"end":{"line":176,"column":9}},"line":172},"10":{"name":"exportNotes","decl":{"start":{"line":185,"column":16},"end":{"line":185,"column":27}},"loc":{"start":{"line":185,"column":44},"end":{"line":239,"column":1}},"line":185},"11":{"name":"(anonymous_11)","decl":{"start":{"line":188,"column":49},"end":{"line":188,"column":50}},"loc":{"start":{"line":188,"column":57},"end":{"line":198,"column":9}},"line":188},"12":{"name":"(anonymous_12)","decl":{"start":{"line":198,"column":18},"end":{"line":198,"column":19}},"loc":{"start":{"line":198,"column":26},"end":{"line":198,"column":39}},"line":198},"13":{"name":"(anonymous_13)","decl":{"start":{"line":202,"column":33},"end":{"line":202,"column":34}},"loc":{"start":{"line":202,"column":41},"end":{"line":215,"column":13}},"line":202},"14":{"name":"(anonymous_14)","decl":{"start":{"line":224,"column":28},"end":{"line":224,"column":29}},"loc":{"start":{"line":224,"column":37},"end":{"line":226,"column":9}},"line":224},"15":{"name":"(anonymous_15)","decl":{"start":{"line":230,"column":22},"end":{"line":230,"column":23}},"loc":{"start":{"line":230,"column":30},"end":{"line":232,"column":9}},"line":230}},"branchMap":{"0":{"loc":{"start":{"line":8,"column":0},"end":{"line":10,"column":1}},"type":"if","locations":[{"start":{"line":8,"column":0},"end":{"line":10,"column":1}},{"start":{},"end":{}}],"line":8},"1":{"loc":{"start":{"line":15,"column":8},"end":{"line":17,"column":9}},"type":"if","locations":[{"start":{"line":15,"column":8},"end":{"line":17,"column":9}},{"start":{},"end":{}}],"line":15},"2":{"loc":{"start":{"line":18,"column":8},"end":{"line":20,"column":9}},"type":"if","locations":[{"start":{"line":18,"column":8},"end":{"line":20,"column":9}},{"start":{},"end":{}}],"line":18},"3":{"loc":{"start":{"line":21,"column":8},"end":{"line":23,"column":9}},"type":"if","locations":[{"start":{"line":21,"column":8},"end":{"line":23,"column":9}},{"start":{},"end":{}}],"line":21},"4":{"loc":{"start":{"line":21,"column":12},"end":{"line":21,"column":64}},"type":"binary-expr","locations":[{"start":{"line":21,"column":12},"end":{"line":21,"column":39}},{"start":{"line":21,"column":43},"end":{"line":21,"column":64}}],"line":21},"5":{"loc":{"start":{"line":24,"column":8},"end":{"line":26,"column":9}},"type":"if","locations":[{"start":{"line":24,"column":8},"end":{"line":26,"column":9}},{"start":{},"end":{}}],"line":24},"6":{"loc":{"start":{"line":47,"column":8},"end":{"line":49,"column":9}},"type":"if","locations":[{"start":{"line":47,"column":8},"end":{"line":49,"column":9}},{"start":{},"end":{}}],"line":47},"7":{"loc":{"start":{"line":50,"column":8},"end":{"line":52,"column":9}},"type":"if","locations":[{"start":{"line":50,"column":8},"end":{"line":52,"column":9}},{"start":{},"end":{}}],"line":50},"8":{"loc":{"start":{"line":53,"column":8},"end":{"line":55,"column":9}},"type":"if","locations":[{"start":{"line":53,"column":8},"end":{"line":55,"column":9}},{"start":{},"end":{}}],"line":53},"9":{"loc":{"start":{"line":53,"column":12},"end":{"line":53,"column":64}},"type":"binary-expr","locations":[{"start":{"line":53,"column":12},"end":{"line":53,"column":39}},{"start":{"line":53,"column":43},"end":{"line":53,"column":64}}],"line":53},"10":{"loc":{"start":{"line":56,"column":8},"end":{"line":58,"column":9}},"type":"if","locations":[{"start":{"line":56,"column":8},"end":{"line":58,"column":9}},{"start":{},"end":{}}],"line":56},"11":{"loc":{"start":{"line":60,"column":8},"end":{"line":70,"column":9}},"type":"if","locations":[{"start":{"line":60,"column":8},"end":{"line":70,"column":9}},{"start":{"line":68,"column":15},"end":{"line":70,"column":9}}],"line":60},"12":{"loc":{"start":{"line":80,"column":8},"end":{"line":82,"column":9}},"type":"if","locations":[{"start":{"line":80,"column":8},"end":{"line":82,"column":9}},{"start":{},"end":{}}],"line":80},"13":{"loc":{"start":{"line":84,"column":8},"end":{"line":90,"column":9}},"type":"if","locations":[{"start":{"line":84,"column":8},"end":{"line":90,"column":9}},{"start":{"line":88,"column":15},"end":{"line":90,"column":9}}],"line":84},"14":{"loc":{"start":{"line":99,"column":47},"end":{"line":99,"column":55}},"type":"default-arg","locations":[{"start":{"line":99,"column":54},"end":{"line":99,"column":55}}],"line":99},"15":{"loc":{"start":{"line":99,"column":57},"end":{"line":99,"column":67}},"type":"default-arg","locations":[{"start":{"line":99,"column":65},"end":{"line":99,"column":67}}],"line":99},"16":{"loc":{"start":{"line":100,"column":8},"end":{"line":102,"column":9}},"type":"if","locations":[{"start":{"line":100,"column":8},"end":{"line":102,"column":9}},{"start":{},"end":{}}],"line":100},"17":{"loc":{"start":{"line":103,"column":8},"end":{"line":105,"column":9}},"type":"if","locations":[{"start":{"line":103,"column":8},"end":{"line":105,"column":9}},{"start":{},"end":{}}],"line":103},"18":{"loc":{"start":{"line":116,"column":8},"end":{"line":130,"column":9}},"type":"if","locations":[{"start":{"line":116,"column":8},"end":{"line":130,"column":9}},{"start":{},"end":{}}],"line":116},"19":{"loc":{"start":{"line":116,"column":12},"end":{"line":116,"column":35}},"type":"binary-expr","locations":[{"start":{"line":116,"column":12},"end":{"line":116,"column":20}},{"start":{"line":116,"column":24},"end":{"line":116,"column":35}}],"line":116},"20":{"loc":{"start":{"line":118,"column":16},"end":{"line":127,"column":17}},"type":"if","locations":[{"start":{"line":118,"column":16},"end":{"line":127,"column":17}},{"start":{"line":120,"column":23},"end":{"line":127,"column":17}}],"line":118},"21":{"loc":{"start":{"line":120,"column":23},"end":{"line":127,"column":17}},"type":"if","locations":[{"start":{"line":120,"column":23},"end":{"line":127,"column":17}},{"start":{"line":122,"column":23},"end":{"line":127,"column":17}}],"line":120},"22":{"loc":{"start":{"line":122,"column":23},"end":{"line":127,"column":17}},"type":"if","locations":[{"start":{"line":122,"column":23},"end":{"line":127,"column":17}},{"start":{"line":124,"column":23},"end":{"line":127,"column":17}}],"line":122},"23":{"loc":{"start":{"line":124,"column":23},"end":{"line":127,"column":17}},"type":"if","locations":[{"start":{"line":124,"column":23},"end":{"line":127,"column":17}},{"start":{},"end":{}}],"line":124},"24":{"loc":{"start":{"line":126,"column":27},"end":{"line":126,"column":123}},"type":"binary-expr","locations":[{"start":{"line":126,"column":27},"end":{"line":126,"column":74}},{"start":{"line":126,"column":78},"end":{"line":126,"column":123}}],"line":126},"25":{"loc":{"start":{"line":133,"column":8},"end":{"line":146,"column":9}},"type":"if","locations":[{"start":{"line":133,"column":8},"end":{"line":146,"column":9}},{"start":{},"end":{}}],"line":133},"26":{"loc":{"start":{"line":135,"column":16},"end":{"line":143,"column":17}},"type":"if","locations":[{"start":{"line":135,"column":16},"end":{"line":143,"column":17}},{"start":{"line":137,"column":23},"end":{"line":143,"column":17}}],"line":135},"27":{"loc":{"start":{"line":137,"column":23},"end":{"line":143,"column":17}},"type":"if","locations":[{"start":{"line":137,"column":23},"end":{"line":143,"column":17}},{"start":{"line":139,"column":23},"end":{"line":143,"column":17}}],"line":137},"28":{"loc":{"start":{"line":139,"column":23},"end":{"line":143,"column":17}},"type":"if","locations":[{"start":{"line":139,"column":23},"end":{"line":143,"column":17}},{"start":{"line":141,"column":23},"end":{"line":143,"column":17}}],"line":139},"29":{"loc":{"start":{"line":141,"column":23},"end":{"line":143,"column":17}},"type":"if","locations":[{"start":{"line":141,"column":23},"end":{"line":143,"column":17}},{"start":{},"end":{}}],"line":141},"30":{"loc":{"start":{"line":168,"column":8},"end":{"line":170,"column":9}},"type":"if","locations":[{"start":{"line":168,"column":8},"end":{"line":170,"column":9}},{"start":{},"end":{}}],"line":168},"31":{"loc":{"start":{"line":168,"column":12},"end":{"line":168,"column":40}},"type":"binary-expr","locations":[{"start":{"line":168,"column":12},"end":{"line":168,"column":18}},{"start":{"line":168,"column":22},"end":{"line":168,"column":40}}],"line":168},"32":{"loc":{"start":{"line":201,"column":8},"end":{"line":216,"column":9}},"type":"if","locations":[{"start":{"line":201,"column":8},"end":{"line":216,"column":9}},{"start":{},"end":{}}],"line":201},"33":{"loc":{"start":{"line":201,"column":12},"end":{"line":201,"column":35}},"type":"binary-expr","locations":[{"start":{"line":201,"column":12},"end":{"line":201,"column":20}},{"start":{"line":201,"column":24},"end":{"line":201,"column":35}}],"line":201},"34":{"loc":{"start":{"line":204,"column":16},"end":{"line":213,"column":17}},"type":"if","locations":[{"start":{"line":204,"column":16},"end":{"line":213,"column":17}},{"start":{"line":206,"column":23},"end":{"line":213,"column":17}}],"line":204},"35":{"loc":{"start":{"line":206,"column":23},"end":{"line":213,"column":17}},"type":"if","locations":[{"start":{"line":206,"column":23},"end":{"line":213,"column":17}},{"start":{"line":208,"column":23},"end":{"line":213,"column":17}}],"line":206},"36":{"loc":{"start":{"line":208,"column":23},"end":{"line":213,"column":17}},"type":"if","locations":[{"start":{"line":208,"column":23},"end":{"line":213,"column":17}},{"start":{"line":210,"column":23},"end":{"line":213,"column":17}}],"line":208},"37":{"loc":{"start":{"line":210,"column":23},"end":{"line":213,"column":17}},"type":"if","locations":[{"start":{"line":210,"column":23},"end":{"line":213,"column":17}},{"start":{},"end":{}}],"line":210},"38":{"loc":{"start":{"line":212,"column":27},"end":{"line":212,"column":137}},"type":"binary-expr","locations":[{"start":{"line":212,"column":27},"end":{"line":212,"column":81}},{"start":{"line":212,"column":85},"end":{"line":212,"column":137}}],"line":212}},"s":{"0":3,"1":3,"2":2,"3":5,"4":5,"5":5,"6":1,"7":4,"8":1,"9":3,"10":0,"11":3,"12":1,"13":2,"14":2,"15":2,"16":1,"17":1,"18":1,"19":1,"20":6,"21":6,"22":6,"23":1,"24":5,"25":1,"26":4,"27":0,"28":4,"29":1,"30":3,"31":3,"32":2,"33":2,"34":2,"35":2,"36":2,"37":1,"38":1,"39":1,"40":1,"41":1,"42":4,"43":4,"44":4,"45":1,"46":3,"47":3,"48":2,"49":1,"50":1,"51":1,"52":1,"53":1,"54":8,"55":8,"56":8,"57":0,"58":8,"59":0,"60":8,"61":5,"62":5,"63":4,"64":4,"65":5,"66":6,"67":0,"68":0,"69":0,"70":0,"71":0,"72":0,"73":0,"74":0,"75":0,"76":0,"77":0,"78":6,"79":0,"80":0,"81":0,"82":0,"83":0,"84":0,"85":0,"86":0,"87":0,"88":0,"89":6,"90":6,"91":6,"92":6,"93":2,"94":2,"95":7,"96":7,"97":7,"98":5,"99":2,"100":2,"101":2,"102":1,"103":1,"104":1,"105":1,"106":5,"107":5,"108":5,"109":3,"110":3,"111":0,"112":0,"113":3,"114":3,"115":0,"116":0,"117":0,"118":0,"119":0,"120":0,"121":0,"122":0,"123":0,"124":0,"125":0,"126":0,"127":3,"128":3,"129":3,"130":0,"131":3,"132":3,"133":3,"134":3,"135":2,"136":2},"f":{"0":5,"1":6,"2":4,"3":8,"4":5,"5":5,"6":0,"7":0,"8":7,"9":2,"10":5,"11":3,"12":3,"13":0,"14":0,"15":3},"b":{"0":[2,1],"1":[1,4],"2":[1,3],"3":[0,3],"4":[3,3],"5":[1,2],"6":[1,5],"7":[1,4],"8":[0,4],"9":[4,4],"10":[1,3],"11":[2,1],"12":[1,3],"13":[2,1],"14":[4],"15":[4],"16":[0,8],"17":[0,8],"18":[0,6],"19":[6,0],"20":[0,0],"21":[0,0],"22":[0,0],"23":[0,0],"24":[0,0],"25":[0,6],"26":[0,0],"27":[0,0],"28":[0,0],"29":[0,0],"30":[5,2],"31":[7,3],"32":[0,3],"33":[3,0],"34":[0,0],"35":[0,0],"36":[0,0],"37":[0,0],"38":[0,0]},"_coverageSchema":"1a1c01bbd47fc00a2c39e90264f33305004495a9","hash":"069dc34f25f8f8dfbbfd0fd9681059c03e3ceb9d"}
,"C:\\Users\\sebas\\OneDrive\\Escritorio\\DAWES\\23-api-documentation\\notes-app\\src\\middlewares\\authMiddleware.js": {"path":"C:\\Users\\sebas\\OneDrive\\Escritorio\\DAWES\\23-api-documentation\\notes-app\\src\\middlewares\\authMiddleware.js","statementMap":{"0":{"start":{"line":4,"column":0},"end":{"line":4,"column":16}},"1":{"start":{"line":7,"column":18},"end":{"line":7,"column":61}},"2":{"start":{"line":8,"column":4},"end":{"line":10,"column":5}},"3":{"start":{"line":9,"column":8},"end":{"line":9,"column":68}},"4":{"start":{"line":12,"column":4},"end":{"line":18,"column":7}},"5":{"start":{"line":13,"column":8},"end":{"line":15,"column":9}},"6":{"start":{"line":14,"column":12},"end":{"line":14,"column":83}},"7":{"start":{"line":16,"column":8},"end":{"line":16,"column":27}},"8":{"start":{"line":17,"column":8},"end":{"line":17,"column":15}}},"fnMap":{"0":{"name":"authMiddleware","decl":{"start":{"line":6,"column":16},"end":{"line":6,"column":30}},"loc":{"start":{"line":6,"column":47},"end":{"line":19,"column":1}},"line":6},"1":{"name":"(anonymous_1)","decl":{"start":{"line":12,"column":46},"end":{"line":12,"column":47}},"loc":{"start":{"line":12,"column":64},"end":{"line":18,"column":5}},"line":12}},"branchMap":{"0":{"loc":{"start":{"line":8,"column":4},"end":{"line":10,"column":5}},"type":"if","locations":[{"start":{"line":8,"column":4},"end":{"line":10,"column":5}},{"start":{},"end":{}}],"line":8},"1":{"loc":{"start":{"line":13,"column":8},"end":{"line":15,"column":9}},"type":"if","locations":[{"start":{"line":13,"column":8},"end":{"line":15,"column":9}},{"start":{},"end":{}}],"line":13}},"s":{"0":3,"1":40,"2":40,"3":1,"4":39,"5":39,"6":1,"7":38,"8":38},"f":{"0":40,"1":39},"b":{"0":[1,39],"1":[1,38]},"_coverageSchema":"1a1c01bbd47fc00a2c39e90264f33305004495a9","hash":"507674bcb0ad7da3038bd03aea5c38585a780dcb"}
,"C:\\Users\\sebas\\OneDrive\\Escritorio\\DAWES\\23-api-documentation\\notes-app\\src\\middlewares\\errorHandlingMiddleware.js": {"path":"C:\\Users\\sebas\\OneDrive\\Escritorio\\DAWES\\23-api-documentation\\notes-app\\src\\middlewares\\errorHandlingMiddleware.js","statementMap":{"0":{"start":{"line":4,"column":23},"end":{"line":4,"column":44}},"1":{"start":{"line":5,"column":25},"end":{"line":5,"column":63}},"2":{"start":{"line":7,"column":4},"end":{"line":7,"column":101}},"3":{"start":{"line":9,"column":4},"end":{"line":12,"column":7}}},"fnMap":{"0":{"name":"errorHandlingMiddleware","decl":{"start":{"line":3,"column":16},"end":{"line":3,"column":39}},"loc":{"start":{"line":3,"column":61},"end":{"line":13,"column":1}},"line":3}},"branchMap":{"0":{"loc":{"start":{"line":4,"column":23},"end":{"line":4,"column":44}},"type":"binary-expr","locations":[{"start":{"line":4,"column":23},"end":{"line":4,"column":37}},{"start":{"line":4,"column":41},"end":{"line":4,"column":44}}],"line":4},"1":{"loc":{"start":{"line":5,"column":25},"end":{"line":5,"column":63}},"type":"binary-expr","locations":[{"start":{"line":5,"column":25},"end":{"line":5,"column":36}},{"start":{"line":5,"column":40},"end":{"line":5,"column":63}}],"line":5}},"s":{"0":2,"1":2,"2":2,"3":2},"f":{"0":2},"b":{"0":[2,1],"1":[2,0]},"_coverageSchema":"1a1c01bbd47fc00a2c39e90264f33305004495a9","hash":"a0b4ac403b24c9fb81eec7e5ae04fe2b7eef9e06"}
,"C:\\Users\\sebas\\OneDrive\\Escritorio\\DAWES\\23-api-documentation\\notes-app\\src\\middlewares\\loggerMiddleware.js": {"path":"C:\\Users\\sebas\\OneDrive\\Escritorio\\DAWES\\23-api-documentation\\notes-app\\src\\middlewares\\loggerMiddleware.js","statementMap":{"0":{"start":{"line":4,"column":4},"end":{"line":4,"column":74}},"1":{"start":{"line":5,"column":4},"end":{"line":5,"column":11}}},"fnMap":{"0":{"name":"loggerMiddleware","decl":{"start":{"line":3,"column":16},"end":{"line":3,"column":32}},"loc":{"start":{"line":3,"column":49},"end":{"line":6,"column":1}},"line":3}},"branchMap":{},"s":{"0":1,"1":1},"f":{"0":1},"b":{},"_coverageSchema":"1a1c01bbd47fc00a2c39e90264f33305004495a9","hash":"6e9e62a12f04c2a51df0155bf6b8efe77c8fdf6e"}
,"C:\\Users\\sebas\\OneDrive\\Escritorio\\DAWES\\23-api-documentation\\notes-app\\src\\routes\\notes.js": {"path":"C:\\Users\\sebas\\OneDrive\\Escritorio\\DAWES\\23-api-documentation\\notes-app\\src\\routes\\notes.js","statementMap":{"0":{"start":{"line":6,"column":15},"end":{"line":6,"column":43}},"1":{"start":{"line":7,"column":20},"end":{"line":7,"column":28}},"2":{"start":{"line":9,"column":0},"end":{"line":9,"column":32}},"3":{"start":{"line":43,"column":0},"end":{"line":43,"column":40}},"4":{"start":{"line":74,"column":0},"end":{"line":74,"column":34}},"5":{"start":{"line":100,"column":0},"end":{"line":100,"column":41}},"6":{"start":{"line":152,"column":0},"end":{"line":152,"column":30}},"7":{"start":{"line":180,"column":0},"end":{"line":180,"column":40}},"8":{"start":{"line":196,"column":0},"end":{"line":196,"column":39}}},"fnMap":{},"branchMap":{},"s":{"0":2,"1":2,"2":2,"3":2,"4":2,"5":2,"6":2,"7":2,"8":2},"f":{},"b":{},"_coverageSchema":"1a1c01bbd47fc00a2c39e90264f33305004495a9","hash":"7fcb01a6865c7585bcba6c3dfecfafd3cdf94804"}
,"C:\\Users\\sebas\\OneDrive\\Escritorio\\DAWES\\23-api-documentation\\notes-app\\src\\utils\\logger.js": {"path":"C:\\Users\\sebas\\OneDrive\\Escritorio\\DAWES\\23-api-documentation\\notes-app\\src\\utils\\logger.js","statementMap":{"0":{"start":{"line":4,"column":18},"end":{"line":10,"column":1}},"1":{"start":{"line":8,"column":8},"end":{"line":8,"column":60}},"2":{"start":{"line":12,"column":25},"end":{"line":19,"column":2}},"3":{"start":{"line":21,"column":27},"end":{"line":27,"column":2}},"4":{"start":{"line":29,"column":30},"end":{"line":34,"column":2}},"5":{"start":{"line":36,"column":15},"end":{"line":45,"column":2}},"6":{"start":{"line":47,"column":0},"end":{"line":51,"column":2}},"7":{"start":{"line":49,"column":8},"end":{"line":49,"column":36}}},"fnMap":{"0":{"name":"(anonymous_0)","decl":{"start":{"line":7,"column":26},"end":{"line":7,"column":27}},"loc":{"start":{"line":7,"column":68},"end":{"line":9,"column":5}},"line":7},"1":{"name":"(anonymous_1)","decl":{"start":{"line":48,"column":11},"end":{"line":48,"column":12}},"loc":{"start":{"line":48,"column":24},"end":{"line":50,"column":5}},"line":48}},"branchMap":{"0":{"loc":{"start":{"line":8,"column":41},"end":{"line":8,"column":57}},"type":"binary-expr","locations":[{"start":{"line":8,"column":41},"end":{"line":8,"column":46}},{"start":{"line":8,"column":50},"end":{"line":8,"column":57}}],"line":8}},"s":{"0":6,"1":3,"2":6,"3":6,"4":6,"5":6,"6":6,"7":1},"f":{"0":3,"1":1},"b":{"0":[3,3]},"_coverageSchema":"1a1c01bbd47fc00a2c39e90264f33305004495a9","hash":"ebcba60fcd78971267b260e95cde16b97807fb8a"}
}
