{"C:\\Users\\sebas\\OneDrive\\Escritorio\\DAWES2\\notes-app\\src\\controllers\\notes.js": {"path":"C:\\Users\\sebas\\OneDrive\\Escritorio\\DAWES2\\notes-app\\src\\controllers\\notes.js","statementMap":{"0":{"start":{"line":6,"column":17},"end":{"line":6,"column":26}},"1":{"start":{"line":8,"column":0},"end":{"line":10,"column":1}},"2":{"start":{"line":9,"column":4},"end":{"line":9,"column":27}},"3":{"start":{"line":13,"column":4},"end":{"line":41,"column":5}},"4":{"start":{"line":14,"column":48},"end":{"line":14,"column":56}},"5":{"start":{"line":15,"column":8},"end":{"line":17,"column":9}},"6":{"start":{"line":16,"column":12},"end":{"line":16,"column":75}},"7":{"start":{"line":18,"column":8},"end":{"line":20,"column":9}},"8":{"start":{"line":19,"column":12},"end":{"line":19,"column":74}},"9":{"start":{"line":21,"column":8},"end":{"line":23,"column":9}},"10":{"start":{"line":22,"column":12},"end":{"line":22,"column":89}},"11":{"start":{"line":24,"column":8},"end":{"line":26,"column":9}},"12":{"start":{"line":25,"column":12},"end":{"line":25,"column":75}},"13":{"start":{"line":27,"column":25},"end":{"line":27,"column":64}},"14":{"start":{"line":28,"column":21},"end":{"line":34,"column":9}},"15":{"start":{"line":35,"column":8},"end":{"line":35,"column":57}},"16":{"start":{"line":36,"column":8},"end":{"line":36,"column":49}},"17":{"start":{"line":37,"column":8},"end":{"line":37,"column":44}},"18":{"start":{"line":39,"column":8},"end":{"line":39,"column":62}},"19":{"start":{"line":40,"column":8},"end":{"line":40,"column":101}},"20":{"start":{"line":45,"column":4},"end":{"line":74,"column":5}},"21":{"start":{"line":46,"column":48},"end":{"line":46,"column":56}},"22":{"start":{"line":47,"column":8},"end":{"line":49,"column":9}},"23":{"start":{"line":48,"column":12},"end":{"line":48,"column":75}},"24":{"start":{"line":50,"column":8},"end":{"line":52,"column":9}},"25":{"start":{"line":51,"column":12},"end":{"line":51,"column":74}},"26":{"start":{"line":53,"column":8},"end":{"line":55,"column":9}},"27":{"start":{"line":54,"column":12},"end":{"line":54,"column":89}},"28":{"start":{"line":56,"column":8},"end":{"line":58,"column":9}},"29":{"start":{"line":57,"column":12},"end":{"line":57,"column":75}},"30":{"start":{"line":59,"column":25},"end":{"line":59,"column":64}},"31":{"start":{"line":60,"column":8},"end":{"line":70,"column":9}},"32":{"start":{"line":61,"column":25},"end":{"line":61,"column":62}},"33":{"start":{"line":62,"column":12},"end":{"line":62,"column":35}},"34":{"start":{"line":63,"column":12},"end":{"line":63,"column":37}},"35":{"start":{"line":64,"column":12},"end":{"line":64,"column":40}},"36":{"start":{"line":65,"column":12},"end":{"line":65,"column":61}},"37":{"start":{"line":66,"column":12},"end":{"line":66,"column":52}},"38":{"start":{"line":67,"column":12},"end":{"line":67,"column":49}},"39":{"start":{"line":69,"column":12},"end":{"line":69,"column":55}},"40":{"start":{"line":72,"column":8},"end":{"line":72,"column":61}},"41":{"start":{"line":73,"column":8},"end":{"line":73,"column":100}},"42":{"start":{"line":78,"column":4},"end":{"line":94,"column":5}},"43":{"start":{"line":79,"column":29},"end":{"line":79,"column":37}},"44":{"start":{"line":80,"column":8},"end":{"line":82,"column":9}},"45":{"start":{"line":81,"column":12},"end":{"line":81,"column":75}},"46":{"start":{"line":83,"column":25},"end":{"line":83,"column":64}},"47":{"start":{"line":84,"column":8},"end":{"line":90,"column":9}},"48":{"start":{"line":85,"column":12},"end":{"line":85,"column":36}},"49":{"start":{"line":86,"column":12},"end":{"line":86,"column":53}},"50":{"start":{"line":87,"column":12},"end":{"line":87,"column":51}},"51":{"start":{"line":89,"column":12},"end":{"line":89,"column":55}},"52":{"start":{"line":92,"column":8},"end":{"line":92,"column":62}},"53":{"start":{"line":93,"column":8},"end":{"line":93,"column":101}},"54":{"start":{"line":98,"column":4},"end":{"line":156,"column":5}},"55":{"start":{"line":99,"column":72},"end":{"line":99,"column":81}},"56":{"start":{"line":100,"column":20},"end":{"line":107,"column":40}},"57":{"start":{"line":101,"column":12},"end":{"line":106,"column":13}},"58":{"start":{"line":102,"column":16},"end":{"line":102,"column":78}},"59":{"start":{"line":104,"column":16},"end":{"line":104,"column":82}},"60":{"start":{"line":105,"column":16},"end":{"line":105,"column":28}},"61":{"start":{"line":107,"column":26},"end":{"line":107,"column":39}},"62":{"start":{"line":110,"column":8},"end":{"line":124,"column":9}},"63":{"start":{"line":111,"column":12},"end":{"line":123,"column":15}},"64":{"start":{"line":112,"column":16},"end":{"line":121,"column":17}},"65":{"start":{"line":113,"column":20},"end":{"line":113,"column":63}},"66":{"start":{"line":114,"column":23},"end":{"line":121,"column":17}},"67":{"start":{"line":115,"column":20},"end":{"line":115,"column":62}},"68":{"start":{"line":116,"column":23},"end":{"line":121,"column":17}},"69":{"start":{"line":117,"column":20},"end":{"line":117,"column":57}},"70":{"start":{"line":118,"column":23},"end":{"line":121,"column":17}},"71":{"start":{"line":119,"column":49},"end":{"line":119,"column":71}},"72":{"start":{"line":120,"column":20},"end":{"line":120,"column":124}},"73":{"start":{"line":122,"column":16},"end":{"line":122,"column":28}},"74":{"start":{"line":127,"column":8},"end":{"line":140,"column":9}},"75":{"start":{"line":128,"column":12},"end":{"line":139,"column":15}},"76":{"start":{"line":129,"column":16},"end":{"line":137,"column":17}},"77":{"start":{"line":130,"column":20},"end":{"line":130,"column":73}},"78":{"start":{"line":131,"column":23},"end":{"line":137,"column":17}},"79":{"start":{"line":132,"column":20},"end":{"line":132,"column":73}},"80":{"start":{"line":133,"column":23},"end":{"line":137,"column":17}},"81":{"start":{"line":134,"column":20},"end":{"line":134,"column":64}},"82":{"start":{"line":135,"column":23},"end":{"line":137,"column":17}},"83":{"start":{"line":136,"column":20},"end":{"line":136,"column":63}},"84":{"start":{"line":138,"column":16},"end":{"line":138,"column":25}},"85":{"start":{"line":143,"column":27},"end":{"line":143,"column":39}},"86":{"start":{"line":144,"column":27},"end":{"line":144,"column":56}},"87":{"start":{"line":145,"column":31},"end":{"line":145,"column":76}},"88":{"start":{"line":147,"column":8},"end":{"line":152,"column":11}},"89":{"start":{"line":154,"column":8},"end":{"line":154,"column":63}},"90":{"start":{"line":155,"column":8},"end":{"line":155,"column":102}},"91":{"start":{"line":160,"column":4},"end":{"line":176,"column":5}},"92":{"start":{"line":161,"column":22},"end":{"line":161,"column":31}},"93":{"start":{"line":162,"column":8},"end":{"line":164,"column":9}},"94":{"start":{"line":163,"column":12},"end":{"line":163,"column":72}},"95":{"start":{"line":166,"column":8},"end":{"line":170,"column":11}},"96":{"start":{"line":167,"column":29},"end":{"line":167,"column":67}},"97":{"start":{"line":168,"column":12},"end":{"line":168,"column":47}},"98":{"start":{"line":169,"column":12},"end":{"line":169,"column":63}},"99":{"start":{"line":172,"column":8},"end":{"line":172,"column":49}},"100":{"start":{"line":174,"column":8},"end":{"line":174,"column":64}},"101":{"start":{"line":175,"column":8},"end":{"line":175,"column":103}},"102":{"start":{"line":180,"column":4},"end":{"line":232,"column":5}},"103":{"start":{"line":181,"column":42},"end":{"line":181,"column":51}},"104":{"start":{"line":182,"column":20},"end":{"line":192,"column":40}},"105":{"start":{"line":183,"column":12},"end":{"line":191,"column":13}},"106":{"start":{"line":184,"column":16},"end":{"line":187,"column":18}},"107":{"start":{"line":189,"column":16},"end":{"line":189,"column":82}},"108":{"start":{"line":190,"column":16},"end":{"line":190,"column":28}},"109":{"start":{"line":192,"column":26},"end":{"line":192,"column":39}},"110":{"start":{"line":195,"column":8},"end":{"line":210,"column":9}},"111":{"start":{"line":196,"column":12},"end":{"line":209,"column":15}},"112":{"start":{"line":197,"column":36},"end":{"line":197,"column":60}},"113":{"start":{"line":198,"column":16},"end":{"line":207,"column":17}},"114":{"start":{"line":199,"column":20},"end":{"line":199,"column":70}},"115":{"start":{"line":200,"column":23},"end":{"line":207,"column":17}},"116":{"start":{"line":201,"column":20},"end":{"line":201,"column":69}},"117":{"start":{"line":202,"column":23},"end":{"line":207,"column":17}},"118":{"start":{"line":203,"column":20},"end":{"line":203,"column":64}},"119":{"start":{"line":204,"column":23},"end":{"line":207,"column":17}},"120":{"start":{"line":205,"column":49},"end":{"line":205,"column":71}},"121":{"start":{"line":206,"column":20},"end":{"line":206,"column":138}},"122":{"start":{"line":208,"column":16},"end":{"line":208,"column":28}},"123":{"start":{"line":212,"column":24},"end":{"line":214,"column":10}},"124":{"start":{"line":216,"column":8},"end":{"line":216,"column":36}},"125":{"start":{"line":218,"column":8},"end":{"line":220,"column":11}},"126":{"start":{"line":219,"column":12},"end":{"line":219,"column":22}},"127":{"start":{"line":222,"column":8},"end":{"line":222,"column":26}},"128":{"start":{"line":224,"column":8},"end":{"line":226,"column":11}},"129":{"start":{"line":225,"column":12},"end":{"line":225,"column":62}},"130":{"start":{"line":228,"column":8},"end":{"line":228,"column":27}},"131":{"start":{"line":230,"column":8},"end":{"line":230,"column":64}},"132":{"start":{"line":231,"column":8},"end":{"line":231,"column":103}}},"fnMap":{"0":{"name":"createNote","decl":{"start":{"line":12,"column":16},"end":{"line":12,"column":26}},"loc":{"start":{"line":12,"column":43},"end":{"line":42,"column":1}},"line":12},"1":{"name":"editNote","decl":{"start":{"line":44,"column":16},"end":{"line":44,"column":24}},"loc":{"start":{"line":44,"column":41},"end":{"line":75,"column":1}},"line":44},"2":{"name":"deleteNote","decl":{"start":{"line":77,"column":16},"end":{"line":77,"column":26}},"loc":{"start":{"line":77,"column":43},"end":{"line":95,"column":1}},"line":77},"3":{"name":"getNotes","decl":{"start":{"line":97,"column":16},"end":{"line":97,"column":24}},"loc":{"start":{"line":97,"column":41},"end":{"line":157,"column":1}},"line":97},"4":{"name":"(anonymous_4)","decl":{"start":{"line":100,"column":49},"end":{"line":100,"column":50}},"loc":{"start":{"line":100,"column":57},"end":{"line":107,"column":9}},"line":100},"5":{"name":"(anonymous_5)","decl":{"start":{"line":107,"column":18},"end":{"line":107,"column":19}},"loc":{"start":{"line":107,"column":26},"end":{"line":107,"column":39}},"line":107},"6":{"name":"(anonymous_6)","decl":{"start":{"line":111,"column":33},"end":{"line":111,"column":34}},"loc":{"start":{"line":111,"column":41},"end":{"line":123,"column":13}},"line":111},"7":{"name":"(anonymous_7)","decl":{"start":{"line":128,"column":23},"end":{"line":128,"column":24}},"loc":{"start":{"line":128,"column":33},"end":{"line":139,"column":13}},"line":128},"8":{"name":"importNotes","decl":{"start":{"line":159,"column":16},"end":{"line":159,"column":27}},"loc":{"start":{"line":159,"column":44},"end":{"line":177,"column":1}},"line":159},"9":{"name":"(anonymous_9)","decl":{"start":{"line":166,"column":22},"end":{"line":166,"column":23}},"loc":{"start":{"line":166,"column":30},"end":{"line":170,"column":9}},"line":166},"10":{"name":"exportNotes","decl":{"start":{"line":179,"column":16},"end":{"line":179,"column":27}},"loc":{"start":{"line":179,"column":44},"end":{"line":233,"column":1}},"line":179},"11":{"name":"(anonymous_11)","decl":{"start":{"line":182,"column":49},"end":{"line":182,"column":50}},"loc":{"start":{"line":182,"column":57},"end":{"line":192,"column":9}},"line":182},"12":{"name":"(anonymous_12)","decl":{"start":{"line":192,"column":18},"end":{"line":192,"column":19}},"loc":{"start":{"line":192,"column":26},"end":{"line":192,"column":39}},"line":192},"13":{"name":"(anonymous_13)","decl":{"start":{"line":196,"column":33},"end":{"line":196,"column":34}},"loc":{"start":{"line":196,"column":41},"end":{"line":209,"column":13}},"line":196},"14":{"name":"(anonymous_14)","decl":{"start":{"line":218,"column":28},"end":{"line":218,"column":29}},"loc":{"start":{"line":218,"column":37},"end":{"line":220,"column":9}},"line":218},"15":{"name":"(anonymous_15)","decl":{"start":{"line":224,"column":22},"end":{"line":224,"column":23}},"loc":{"start":{"line":224,"column":30},"end":{"line":226,"column":9}},"line":224}},"branchMap":{"0":{"loc":{"start":{"line":8,"column":0},"end":{"line":10,"column":1}},"type":"if","locations":[{"start":{"line":8,"column":0},"end":{"line":10,"column":1}},{"start":{},"end":{}}],"line":8},"1":{"loc":{"start":{"line":15,"column":8},"end":{"line":17,"column":9}},"type":"if","locations":[{"start":{"line":15,"column":8},"end":{"line":17,"column":9}},{"start":{},"end":{}}],"line":15},"2":{"loc":{"start":{"line":18,"column":8},"end":{"line":20,"column":9}},"type":"if","locations":[{"start":{"line":18,"column":8},"end":{"line":20,"column":9}},{"start":{},"end":{}}],"line":18},"3":{"loc":{"start":{"line":21,"column":8},"end":{"line":23,"column":9}},"type":"if","locations":[{"start":{"line":21,"column":8},"end":{"line":23,"column":9}},{"start":{},"end":{}}],"line":21},"4":{"loc":{"start":{"line":21,"column":12},"end":{"line":21,"column":64}},"type":"binary-expr","locations":[{"start":{"line":21,"column":12},"end":{"line":21,"column":39}},{"start":{"line":21,"column":43},"end":{"line":21,"column":64}}],"line":21},"5":{"loc":{"start":{"line":24,"column":8},"end":{"line":26,"column":9}},"type":"if","locations":[{"start":{"line":24,"column":8},"end":{"line":26,"column":9}},{"start":{},"end":{}}],"line":24},"6":{"loc":{"start":{"line":47,"column":8},"end":{"line":49,"column":9}},"type":"if","locations":[{"start":{"line":47,"column":8},"end":{"line":49,"column":9}},{"start":{},"end":{}}],"line":47},"7":{"loc":{"start":{"line":50,"column":8},"end":{"line":52,"column":9}},"type":"if","locations":[{"start":{"line":50,"column":8},"end":{"line":52,"column":9}},{"start":{},"end":{}}],"line":50},"8":{"loc":{"start":{"line":53,"column":8},"end":{"line":55,"column":9}},"type":"if","locations":[{"start":{"line":53,"column":8},"end":{"line":55,"column":9}},{"start":{},"end":{}}],"line":53},"9":{"loc":{"start":{"line":53,"column":12},"end":{"line":53,"column":64}},"type":"binary-expr","locations":[{"start":{"line":53,"column":12},"end":{"line":53,"column":39}},{"start":{"line":53,"column":43},"end":{"line":53,"column":64}}],"line":53},"10":{"loc":{"start":{"line":56,"column":8},"end":{"line":58,"column":9}},"type":"if","locations":[{"start":{"line":56,"column":8},"end":{"line":58,"column":9}},{"start":{},"end":{}}],"line":56},"11":{"loc":{"start":{"line":60,"column":8},"end":{"line":70,"column":9}},"type":"if","locations":[{"start":{"line":60,"column":8},"end":{"line":70,"column":9}},{"start":{"line":68,"column":15},"end":{"line":70,"column":9}}],"line":60},"12":{"loc":{"start":{"line":80,"column":8},"end":{"line":82,"column":9}},"type":"if","locations":[{"start":{"line":80,"column":8},"end":{"line":82,"column":9}},{"start":{},"end":{}}],"line":80},"13":{"loc":{"start":{"line":84,"column":8},"end":{"line":90,"column":9}},"type":"if","locations":[{"start":{"line":84,"column":8},"end":{"line":90,"column":9}},{"start":{"line":88,"column":15},"end":{"line":90,"column":9}}],"line":84},"14":{"loc":{"start":{"line":99,"column":47},"end":{"line":99,"column":55}},"type":"default-arg","locations":[{"start":{"line":99,"column":54},"end":{"line":99,"column":55}}],"line":99},"15":{"loc":{"start":{"line":99,"column":57},"end":{"line":99,"column":67}},"type":"default-arg","locations":[{"start":{"line":99,"column":65},"end":{"line":99,"column":67}}],"line":99},"16":{"loc":{"start":{"line":110,"column":8},"end":{"line":124,"column":9}},"type":"if","locations":[{"start":{"line":110,"column":8},"end":{"line":124,"column":9}},{"start":{},"end":{}}],"line":110},"17":{"loc":{"start":{"line":110,"column":12},"end":{"line":110,"column":35}},"type":"binary-expr","locations":[{"start":{"line":110,"column":12},"end":{"line":110,"column":20}},{"start":{"line":110,"column":24},"end":{"line":110,"column":35}}],"line":110},"18":{"loc":{"start":{"line":112,"column":16},"end":{"line":121,"column":17}},"type":"if","locations":[{"start":{"line":112,"column":16},"end":{"line":121,"column":17}},{"start":{"line":114,"column":23},"end":{"line":121,"column":17}}],"line":112},"19":{"loc":{"start":{"line":114,"column":23},"end":{"line":121,"column":17}},"type":"if","locations":[{"start":{"line":114,"column":23},"end":{"line":121,"column":17}},{"start":{"line":116,"column":23},"end":{"line":121,"column":17}}],"line":114},"20":{"loc":{"start":{"line":116,"column":23},"end":{"line":121,"column":17}},"type":"if","locations":[{"start":{"line":116,"column":23},"end":{"line":121,"column":17}},{"start":{"line":118,"column":23},"end":{"line":121,"column":17}}],"line":116},"21":{"loc":{"start":{"line":118,"column":23},"end":{"line":121,"column":17}},"type":"if","locations":[{"start":{"line":118,"column":23},"end":{"line":121,"column":17}},{"start":{},"end":{}}],"line":118},"22":{"loc":{"start":{"line":120,"column":27},"end":{"line":120,"column":123}},"type":"binary-expr","locations":[{"start":{"line":120,"column":27},"end":{"line":120,"column":74}},{"start":{"line":120,"column":78},"end":{"line":120,"column":123}}],"line":120},"23":{"loc":{"start":{"line":127,"column":8},"end":{"line":140,"column":9}},"type":"if","locations":[{"start":{"line":127,"column":8},"end":{"line":140,"column":9}},{"start":{},"end":{}}],"line":127},"24":{"loc":{"start":{"line":129,"column":16},"end":{"line":137,"column":17}},"type":"if","locations":[{"start":{"line":129,"column":16},"end":{"line":137,"column":17}},{"start":{"line":131,"column":23},"end":{"line":137,"column":17}}],"line":129},"25":{"loc":{"start":{"line":131,"column":23},"end":{"line":137,"column":17}},"type":"if","locations":[{"start":{"line":131,"column":23},"end":{"line":137,"column":17}},{"start":{"line":133,"column":23},"end":{"line":137,"column":17}}],"line":131},"26":{"loc":{"start":{"line":133,"column":23},"end":{"line":137,"column":17}},"type":"if","locations":[{"start":{"line":133,"column":23},"end":{"line":137,"column":17}},{"start":{"line":135,"column":23},"end":{"line":137,"column":17}}],"line":133},"27":{"loc":{"start":{"line":135,"column":23},"end":{"line":137,"column":17}},"type":"if","locations":[{"start":{"line":135,"column":23},"end":{"line":137,"column":17}},{"start":{},"end":{}}],"line":135},"28":{"loc":{"start":{"line":162,"column":8},"end":{"line":164,"column":9}},"type":"if","locations":[{"start":{"line":162,"column":8},"end":{"line":164,"column":9}},{"start":{},"end":{}}],"line":162},"29":{"loc":{"start":{"line":162,"column":12},"end":{"line":162,"column":40}},"type":"binary-expr","locations":[{"start":{"line":162,"column":12},"end":{"line":162,"column":18}},{"start":{"line":162,"column":22},"end":{"line":162,"column":40}}],"line":162},"30":{"loc":{"start":{"line":195,"column":8},"end":{"line":210,"column":9}},"type":"if","locations":[{"start":{"line":195,"column":8},"end":{"line":210,"column":9}},{"start":{},"end":{}}],"line":195},"31":{"loc":{"start":{"line":195,"column":12},"end":{"line":195,"column":35}},"type":"binary-expr","locations":[{"start":{"line":195,"column":12},"end":{"line":195,"column":20}},{"start":{"line":195,"column":24},"end":{"line":195,"column":35}}],"line":195},"32":{"loc":{"start":{"line":198,"column":16},"end":{"line":207,"column":17}},"type":"if","locations":[{"start":{"line":198,"column":16},"end":{"line":207,"column":17}},{"start":{"line":200,"column":23},"end":{"line":207,"column":17}}],"line":198},"33":{"loc":{"start":{"line":200,"column":23},"end":{"line":207,"column":17}},"type":"if","locations":[{"start":{"line":200,"column":23},"end":{"line":207,"column":17}},{"start":{"line":202,"column":23},"end":{"line":207,"column":17}}],"line":200},"34":{"loc":{"start":{"line":202,"column":23},"end":{"line":207,"column":17}},"type":"if","locations":[{"start":{"line":202,"column":23},"end":{"line":207,"column":17}},{"start":{"line":204,"column":23},"end":{"line":207,"column":17}}],"line":202},"35":{"loc":{"start":{"line":204,"column":23},"end":{"line":207,"column":17}},"type":"if","locations":[{"start":{"line":204,"column":23},"end":{"line":207,"column":17}},{"start":{},"end":{}}],"line":204},"36":{"loc":{"start":{"line":206,"column":27},"end":{"line":206,"column":137}},"type":"binary-expr","locations":[{"start":{"line":206,"column":27},"end":{"line":206,"column":81}},{"start":{"line":206,"column":85},"end":{"line":206,"column":137}}],"line":206}},"s":{"0":2,"1":2,"2":1,"3":5,"4":5,"5":5,"6":1,"7":4,"8":2,"9":2,"10":0,"11":2,"12":1,"13":1,"14":1,"15":1,"16":1,"17":1,"18":0,"19":0,"20":6,"21":6,"22":6,"23":1,"24":5,"25":1,"26":4,"27":0,"28":4,"29":1,"30":3,"31":3,"32":2,"33":0,"34":0,"35":0,"36":0,"37":0,"38":0,"39":1,"40":2,"41":2,"42":4,"43":4,"44":4,"45":1,"46":3,"47":3,"48":2,"49":1,"50":1,"51":1,"52":1,"53":1,"54":2,"55":2,"56":2,"57":0,"58":0,"59":0,"60":0,"61":0,"62":1,"63":0,"64":0,"65":0,"66":0,"67":0,"68":0,"69":0,"70":0,"71":0,"72":0,"73":0,"74":1,"75":0,"76":0,"77":0,"78":0,"79":0,"80":0,"81":0,"82":0,"83":0,"84":0,"85":1,"86":1,"87":1,"88":1,"89":1,"90":1,"91":0,"92":0,"93":0,"94":0,"95":0,"96":0,"97":0,"98":0,"99":0,"100":0,"101":0,"102":0,"103":0,"104":0,"105":0,"106":0,"107":0,"108":0,"109":0,"110":0,"111":0,"112":0,"113":0,"114":0,"115":0,"116":0,"117":0,"118":0,"119":0,"120":0,"121":0,"122":0,"123":0,"124":0,"125":0,"126":0,"127":0,"128":0,"129":0,"130":0,"131":0,"132":0},"f":{"0":5,"1":6,"2":4,"3":2,"4":0,"5":0,"6":0,"7":0,"8":0,"9":0,"10":0,"11":0,"12":0,"13":0,"14":0,"15":0},"b":{"0":[1,1],"1":[1,4],"2":[2,2],"3":[0,2],"4":[2,2],"5":[1,1],"6":[1,5],"7":[1,4],"8":[0,4],"9":[4,4],"10":[1,3],"11":[2,1],"12":[1,3],"13":[2,1],"14":[0],"15":[0],"16":[0,1],"17":[1,0],"18":[0,0],"19":[0,0],"20":[0,0],"21":[0,0],"22":[0,0],"23":[0,1],"24":[0,0],"25":[0,0],"26":[0,0],"27":[0,0],"28":[0,0],"29":[0,0],"30":[0,0],"31":[0,0],"32":[0,0],"33":[0,0],"34":[0,0],"35":[0,0],"36":[0,0]},"_coverageSchema":"1a1c01bbd47fc00a2c39e90264f33305004495a9","hash":"d8e9f3980b5cbe201a29407882f1f967a9f83637"}
,"C:\\Users\\sebas\\OneDrive\\Escritorio\\DAWES2\\notes-app\\src\\middlewares\\authMiddleware.js": {"path":"C:\\Users\\sebas\\OneDrive\\Escritorio\\DAWES2\\notes-app\\src\\middlewares\\authMiddleware.js","statementMap":{"0":{"start":{"line":4,"column":0},"end":{"line":4,"column":16}},"1":{"start":{"line":7,"column":18},"end":{"line":7,"column":61}},"2":{"start":{"line":8,"column":4},"end":{"line":10,"column":5}},"3":{"start":{"line":9,"column":8},"end":{"line":9,"column":68}},"4":{"start":{"line":12,"column":4},"end":{"line":18,"column":7}},"5":{"start":{"line":13,"column":8},"end":{"line":15,"column":9}},"6":{"start":{"line":14,"column":12},"end":{"line":14,"column":83}},"7":{"start":{"line":16,"column":8},"end":{"line":16,"column":27}},"8":{"start":{"line":17,"column":8},"end":{"line":17,"column":15}}},"fnMap":{"0":{"name":"authMiddleware","decl":{"start":{"line":6,"column":16},"end":{"line":6,"column":30}},"loc":{"start":{"line":6,"column":47},"end":{"line":19,"column":1}},"line":6},"1":{"name":"(anonymous_1)","decl":{"start":{"line":12,"column":46},"end":{"line":12,"column":47}},"loc":{"start":{"line":12,"column":64},"end":{"line":18,"column":5}},"line":12}},"branchMap":{"0":{"loc":{"start":{"line":8,"column":4},"end":{"line":10,"column":5}},"type":"if","locations":[{"start":{"line":8,"column":4},"end":{"line":10,"column":5}},{"start":{},"end":{}}],"line":8},"1":{"loc":{"start":{"line":13,"column":8},"end":{"line":15,"column":9}},"type":"if","locations":[{"start":{"line":13,"column":8},"end":{"line":15,"column":9}},{"start":{},"end":{}}],"line":13}},"s":{"0":1,"1":3,"2":3,"3":1,"4":2,"5":2,"6":1,"7":1,"8":1},"f":{"0":3,"1":2},"b":{"0":[1,2],"1":[1,1]},"_coverageSchema":"1a1c01bbd47fc00a2c39e90264f33305004495a9","hash":"d1eb74005ef9cc1608d65d4e5e5b759fabab8153"}
,"C:\\Users\\sebas\\OneDrive\\Escritorio\\DAWES2\\notes-app\\src\\middlewares\\errorHandlingMiddleware.js": {"path":"C:\\Users\\sebas\\OneDrive\\Escritorio\\DAWES2\\notes-app\\src\\middlewares\\errorHandlingMiddleware.js","statementMap":{"0":{"start":{"line":4,"column":23},"end":{"line":4,"column":44}},"1":{"start":{"line":5,"column":25},"end":{"line":5,"column":63}},"2":{"start":{"line":7,"column":4},"end":{"line":7,"column":101}},"3":{"start":{"line":9,"column":4},"end":{"line":13,"column":7}}},"fnMap":{"0":{"name":"errorHandlingMiddleware","decl":{"start":{"line":3,"column":16},"end":{"line":3,"column":39}},"loc":{"start":{"line":3,"column":61},"end":{"line":14,"column":1}},"line":3}},"branchMap":{"0":{"loc":{"start":{"line":4,"column":23},"end":{"line":4,"column":44}},"type":"binary-expr","locations":[{"start":{"line":4,"column":23},"end":{"line":4,"column":37}},{"start":{"line":4,"column":41},"end":{"line":4,"column":44}}],"line":4},"1":{"loc":{"start":{"line":5,"column":25},"end":{"line":5,"column":63}},"type":"binary-expr","locations":[{"start":{"line":5,"column":25},"end":{"line":5,"column":36}},{"start":{"line":5,"column":40},"end":{"line":5,"column":63}}],"line":5},"2":{"loc":{"start":{"line":12,"column":15},"end":{"line":12,"column":71}},"type":"cond-expr","locations":[{"start":{"line":12,"column":55},"end":{"line":12,"column":59}},{"start":{"line":12,"column":62},"end":{"line":12,"column":71}}],"line":12}},"s":{"0":2,"1":2,"2":2,"3":2},"f":{"0":2},"b":{"0":[2,1],"1":[2,0],"2":[0,2]},"_coverageSchema":"1a1c01bbd47fc00a2c39e90264f33305004495a9","hash":"df5242b0b5e7eefdfff4b8431cad946e949dda07"}
,"C:\\Users\\sebas\\OneDrive\\Escritorio\\DAWES2\\notes-app\\src\\middlewares\\loggerMiddleware.js": {"path":"C:\\Users\\sebas\\OneDrive\\Escritorio\\DAWES2\\notes-app\\src\\middlewares\\loggerMiddleware.js","statementMap":{"0":{"start":{"line":4,"column":4},"end":{"line":4,"column":74}},"1":{"start":{"line":5,"column":4},"end":{"line":5,"column":11}}},"fnMap":{"0":{"name":"loggerMiddleware","decl":{"start":{"line":3,"column":16},"end":{"line":3,"column":32}},"loc":{"start":{"line":3,"column":49},"end":{"line":6,"column":1}},"line":3}},"branchMap":{},"s":{"0":1,"1":1},"f":{"0":1},"b":{},"_coverageSchema":"1a1c01bbd47fc00a2c39e90264f33305004495a9","hash":"ef9fd9f7828716a1f9c5ffd422ff9dc535639054"}
,"C:\\Users\\sebas\\OneDrive\\Escritorio\\DAWES2\\notes-app\\src\\routes\\notes.js": {"path":"C:\\Users\\sebas\\OneDrive\\Escritorio\\DAWES2\\notes-app\\src\\routes\\notes.js","statementMap":{"0":{"start":{"line":5,"column":15},"end":{"line":5,"column":43}},"1":{"start":{"line":6,"column":20},"end":{"line":6,"column":28}},"2":{"start":{"line":30,"column":0},"end":{"line":36,"column":3}},"3":{"start":{"line":31,"column":4},"end":{"line":35,"column":5}},"4":{"start":{"line":32,"column":8},"end":{"line":32,"column":35}},"5":{"start":{"line":34,"column":8},"end":{"line":34,"column":20}},"6":{"start":{"line":60,"column":0},"end":{"line":66,"column":3}},"7":{"start":{"line":61,"column":4},"end":{"line":65,"column":5}},"8":{"start":{"line":62,"column":8},"end":{"line":62,"column":33}},"9":{"start":{"line":64,"column":8},"end":{"line":64,"column":20}},"10":{"start":{"line":86,"column":0},"end":{"line":92,"column":3}},"11":{"start":{"line":87,"column":4},"end":{"line":91,"column":5}},"12":{"start":{"line":88,"column":8},"end":{"line":88,"column":35}},"13":{"start":{"line":90,"column":8},"end":{"line":90,"column":20}},"14":{"start":{"line":103,"column":0},"end":{"line":109,"column":3}},"15":{"start":{"line":104,"column":4},"end":{"line":108,"column":5}},"16":{"start":{"line":105,"column":8},"end":{"line":105,"column":33}},"17":{"start":{"line":107,"column":8},"end":{"line":107,"column":20}},"18":{"start":{"line":132,"column":0},"end":{"line":138,"column":3}},"19":{"start":{"line":133,"column":4},"end":{"line":137,"column":5}},"20":{"start":{"line":134,"column":8},"end":{"line":134,"column":36}},"21":{"start":{"line":136,"column":8},"end":{"line":136,"column":20}},"22":{"start":{"line":149,"column":0},"end":{"line":155,"column":3}},"23":{"start":{"line":150,"column":4},"end":{"line":154,"column":5}},"24":{"start":{"line":151,"column":8},"end":{"line":151,"column":36}},"25":{"start":{"line":153,"column":8},"end":{"line":153,"column":20}}},"fnMap":{"0":{"name":"(anonymous_0)","decl":{"start":{"line":30,"column":28},"end":{"line":30,"column":29}},"loc":{"start":{"line":30,"column":54},"end":{"line":36,"column":1}},"line":30},"1":{"name":"(anonymous_1)","decl":{"start":{"line":60,"column":25},"end":{"line":60,"column":26}},"loc":{"start":{"line":60,"column":51},"end":{"line":66,"column":1}},"line":60},"2":{"name":"(anonymous_2)","decl":{"start":{"line":86,"column":30},"end":{"line":86,"column":31}},"loc":{"start":{"line":86,"column":56},"end":{"line":92,"column":1}},"line":86},"3":{"name":"(anonymous_3)","decl":{"start":{"line":103,"column":21},"end":{"line":103,"column":22}},"loc":{"start":{"line":103,"column":47},"end":{"line":109,"column":1}},"line":103},"4":{"name":"(anonymous_4)","decl":{"start":{"line":132,"column":51},"end":{"line":132,"column":52}},"loc":{"start":{"line":132,"column":77},"end":{"line":138,"column":1}},"line":132},"5":{"name":"(anonymous_5)","decl":{"start":{"line":149,"column":27},"end":{"line":149,"column":28}},"loc":{"start":{"line":149,"column":53},"end":{"line":155,"column":1}},"line":149}},"branchMap":{},"s":{"0":2,"1":2,"2":2,"3":8,"4":8,"5":0,"6":2,"7":9,"8":9,"9":0,"10":2,"11":7,"12":7,"13":0,"14":2,"15":4,"16":4,"17":0,"18":2,"19":0,"20":0,"21":0,"22":2,"23":0,"24":0,"25":0},"f":{"0":8,"1":9,"2":7,"3":4,"4":0,"5":0},"b":{},"_coverageSchema":"1a1c01bbd47fc00a2c39e90264f33305004495a9","hash":"5b96ff411907f0719a234a59909056b432b158a5"}
,"C:\\Users\\sebas\\OneDrive\\Escritorio\\DAWES2\\notes-app\\src\\utils\\logger.js": {"path":"C:\\Users\\sebas\\OneDrive\\Escritorio\\DAWES2\\notes-app\\src\\utils\\logger.js","statementMap":{"0":{"start":{"line":4,"column":18},"end":{"line":10,"column":1}},"1":{"start":{"line":8,"column":8},"end":{"line":8,"column":60}},"2":{"start":{"line":12,"column":25},"end":{"line":19,"column":2}},"3":{"start":{"line":21,"column":27},"end":{"line":27,"column":2}},"4":{"start":{"line":29,"column":30},"end":{"line":34,"column":2}},"5":{"start":{"line":36,"column":15},"end":{"line":45,"column":2}},"6":{"start":{"line":47,"column":0},"end":{"line":51,"column":2}},"7":{"start":{"line":49,"column":8},"end":{"line":49,"column":36}}},"fnMap":{"0":{"name":"(anonymous_0)","decl":{"start":{"line":7,"column":26},"end":{"line":7,"column":27}},"loc":{"start":{"line":7,"column":68},"end":{"line":9,"column":5}},"line":7},"1":{"name":"(anonymous_1)","decl":{"start":{"line":48,"column":11},"end":{"line":48,"column":12}},"loc":{"start":{"line":48,"column":24},"end":{"line":50,"column":5}},"line":48}},"branchMap":{"0":{"loc":{"start":{"line":8,"column":41},"end":{"line":8,"column":57}},"type":"binary-expr","locations":[{"start":{"line":8,"column":41},"end":{"line":8,"column":46}},{"start":{"line":8,"column":50},"end":{"line":8,"column":57}}],"line":8}},"s":{"0":5,"1":3,"2":5,"3":5,"4":5,"5":5,"6":5,"7":1},"f":{"0":3,"1":1},"b":{"0":[3,3]},"_coverageSchema":"1a1c01bbd47fc00a2c39e90264f33305004495a9","hash":"85bedea5070e12c3b6800e939e3b977d8bf6d04b"}
}
