TN:
SF:src\controllers\notes.js
FN:12,createNote
FN:44,editNote
FN:77,deleteNote
FN:97,getNotes
FN:100,(anonymous_4)
FN:107,(anonymous_5)
FN:111,(anonymous_6)
FN:128,(anonymous_7)
FN:159,importNotes
FN:166,(anonymous_9)
FN:179,exportNotes
FN:182,(anonymous_11)
FN:192,(anonymous_12)
FN:196,(anonymous_13)
FN:218,(anonymous_14)
FN:224,(anonymous_15)
FNF:16
FNH:12
FNDA:10,createNote
FNDA:11,editNote
FNDA:7,deleteNote
FNDA:6,getNotes
FNDA:3,(anonymous_4)
FNDA:3,(anonymous_5)
FNDA:0,(anonymous_6)
FNDA:0,(anonymous_7)
FNDA:4,importNotes
FNDA:2,(anonymous_9)
FNDA:3,exportNotes
FNDA:1,(anonymous_11)
FNDA:1,(anonymous_12)
FNDA:0,(anonymous_13)
FNDA:0,(anonymous_14)
FNDA:1,(anonymous_15)
DA:6,3
DA:8,3
DA:9,2
DA:13,10
DA:14,10
DA:15,10
DA:16,2
DA:18,8
DA:19,3
DA:21,5
DA:22,0
DA:24,5
DA:25,2
DA:27,3
DA:28,3
DA:35,3
DA:36,1
DA:37,1
DA:39,2
DA:40,2
DA:45,11
DA:46,11
DA:47,11
DA:48,2
DA:50,9
DA:51,3
DA:53,6
DA:54,0
DA:56,6
DA:57,2
DA:59,4
DA:60,4
DA:61,2
DA:62,2
DA:63,2
DA:64,2
DA:65,2
DA:66,0
DA:67,0
DA:69,2
DA:72,2
DA:73,2
DA:78,7
DA:79,7
DA:80,7
DA:81,2
DA:83,5
DA:84,5
DA:85,3
DA:86,2
DA:87,2
DA:89,2
DA:92,1
DA:93,1
DA:98,6
DA:99,6
DA:100,6
DA:101,3
DA:102,3
DA:104,2
DA:105,2
DA:107,3
DA:110,4
DA:111,0
DA:112,0
DA:113,0
DA:114,0
DA:115,0
DA:116,0
DA:117,0
DA:118,0
DA:119,0
DA:120,0
DA:122,0
DA:127,4
DA:128,0
DA:129,0
DA:130,0
DA:131,0
DA:132,0
DA:133,0
DA:134,0
DA:135,0
DA:136,0
DA:138,0
DA:143,4
DA:144,4
DA:145,4
DA:147,4
DA:154,2
DA:155,2
DA:160,4
DA:161,4
DA:162,4
DA:163,2
DA:166,2
DA:167,2
DA:168,2
DA:169,1
DA:172,1
DA:174,1
DA:175,1
DA:180,3
DA:181,3
DA:182,3
DA:183,1
DA:184,1
DA:189,0
DA:190,0
DA:192,1
DA:195,1
DA:196,0
DA:197,0
DA:198,0
DA:199,0
DA:200,0
DA:201,0
DA:202,0
DA:203,0
DA:204,0
DA:205,0
DA:206,0
DA:208,0
DA:212,1
DA:216,1
DA:218,1
DA:219,0
DA:222,1
DA:224,1
DA:225,1
DA:228,1
DA:230,2
DA:231,2
LF:133
LH:93
BRDA:8,0,0,2
BRDA:8,0,1,1
BRDA:15,1,0,2
BRDA:15,1,1,8
BRDA:18,2,0,3
BRDA:18,2,1,5
BRDA:21,3,0,0
BRDA:21,3,1,5
BRDA:21,4,0,5
BRDA:21,4,1,5
BRDA:24,5,0,2
BRDA:24,5,1,3
BRDA:47,6,0,2
BRDA:47,6,1,9
BRDA:50,7,0,3
BRDA:50,7,1,6
BRDA:53,8,0,0
BRDA:53,8,1,6
BRDA:53,9,0,6
BRDA:53,9,1,6
BRDA:56,10,0,2
BRDA:56,10,1,4
BRDA:60,11,0,2
BRDA:60,11,1,2
BRDA:80,12,0,2
BRDA:80,12,1,5
BRDA:84,13,0,3
BRDA:84,13,1,2
BRDA:99,14,0,3
BRDA:99,15,0,3
BRDA:110,16,0,0
BRDA:110,16,1,4
BRDA:110,17,0,4
BRDA:110,17,1,0
BRDA:112,18,0,0
BRDA:112,18,1,0
BRDA:114,19,0,0
BRDA:114,19,1,0
BRDA:116,20,0,0
BRDA:116,20,1,0
BRDA:118,21,0,0
BRDA:118,21,1,0
BRDA:120,22,0,0
BRDA:120,22,1,0
BRDA:127,23,0,0
BRDA:127,23,1,4
BRDA:129,24,0,0
BRDA:129,24,1,0
BRDA:131,25,0,0
BRDA:131,25,1,0
BRDA:133,26,0,0
BRDA:133,26,1,0
BRDA:135,27,0,0
BRDA:135,27,1,0
BRDA:162,28,0,2
BRDA:162,28,1,2
BRDA:162,29,0,4
BRDA:162,29,1,3
BRDA:195,30,0,0
BRDA:195,30,1,1
BRDA:195,31,0,1
BRDA:195,31,1,0
BRDA:198,32,0,0
BRDA:198,32,1,0
BRDA:200,33,0,0
BRDA:200,33,1,0
BRDA:202,34,0,0
BRDA:202,34,1,0
BRDA:204,35,0,0
BRDA:204,35,1,0
BRDA:206,36,0,0
BRDA:206,36,1,0
BRF:72
BRH:37
end_of_record
TN:
SF:src\middlewares\authMiddleware.js
FN:6,authMiddleware
FN:12,(anonymous_1)
FNF:2
FNH:2
FNDA:33,authMiddleware
FNDA:32,(anonymous_1)
DA:4,3
DA:7,33
DA:8,33
DA:9,1
DA:12,32
DA:13,32
DA:14,1
DA:16,31
DA:17,31
LF:9
LH:9
BRDA:8,0,0,1
BRDA:8,0,1,32
BRDA:13,1,0,1
BRDA:13,1,1,31
BRF:4
BRH:4
end_of_record
TN:
SF:src\middlewares\errorHandlingMiddleware.js
FN:3,errorHandlingMiddleware
FNF:1
FNH:1
FNDA:2,errorHandlingMiddleware
DA:4,2
DA:5,2
DA:7,2
DA:9,2
LF:4
LH:4
BRDA:4,0,0,2
BRDA:4,0,1,1
BRDA:5,1,0,2
BRDA:5,1,1,0
BRF:4
BRH:3
end_of_record
TN:
SF:src\middlewares\loggerMiddleware.js
FN:3,loggerMiddleware
FNF:1
FNH:1
FNDA:1,loggerMiddleware
DA:4,1
DA:5,1
LF:2
LH:2
BRF:0
BRH:0
end_of_record
TN:
SF:src\routes\notes.js
FNF:0
FNH:0
DA:6,2
DA:7,2
DA:9,2
DA:43,2
DA:74,2
DA:100,2
DA:152,2
DA:180,2
DA:196,2
LF:9
LH:9
BRF:0
BRH:0
end_of_record
TN:
SF:src\utils\logger.js
FN:7,(anonymous_0)
FN:48,(anonymous_1)
FNF:2
FNH:2
FNDA:3,(anonymous_0)
FNDA:1,(anonymous_1)
DA:4,6
DA:8,3
DA:12,6
DA:21,6
DA:29,6
DA:36,6
DA:47,6
DA:49,1
LF:8
LH:8
BRDA:8,0,0,3
BRDA:8,0,1,3
BRF:2
BRH:2
end_of_record
