TN:
SF:src\controllers\notes.js
FN:12,createNote
FN:44,editNote
FN:77,deleteNote
FN:97,getNotes
FN:100,(anonymous_4)
FN:107,(anonymous_5)
FN:111,(anonymous_6)
FN:128,(anonymous_7)
FN:159,importNotes
FN:166,(anonymous_9)
FN:179,exportNotes
FN:182,(anonymous_11)
FN:192,(anonymous_12)
FN:196,(anonymous_13)
FN:218,(anonymous_14)
FN:224,(anonymous_15)
FNF:16
FNH:4
FNDA:5,createNote
FNDA:6,editNote
FNDA:4,deleteNote
FNDA:2,getNotes
FNDA:0,(anonymous_4)
FNDA:0,(anonymous_5)
FNDA:0,(anonymous_6)
FNDA:0,(anonymous_7)
FNDA:0,importNotes
FNDA:0,(anonymous_9)
FNDA:0,exportNotes
FNDA:0,(anonymous_11)
FNDA:0,(anonymous_12)
FNDA:0,(anonymous_13)
FNDA:0,(anonymous_14)
FNDA:0,(anonymous_15)
DA:6,2
DA:8,2
DA:9,1
DA:13,5
DA:14,5
DA:15,5
DA:16,1
DA:18,4
DA:19,2
DA:21,2
DA:22,0
DA:24,2
DA:25,1
DA:27,1
DA:28,1
DA:35,1
DA:36,1
DA:37,1
DA:39,0
DA:40,0
DA:45,6
DA:46,6
DA:47,6
DA:48,1
DA:50,5
DA:51,1
DA:53,4
DA:54,0
DA:56,4
DA:57,1
DA:59,3
DA:60,3
DA:61,2
DA:62,0
DA:63,0
DA:64,0
DA:65,0
DA:66,0
DA:67,0
DA:69,1
DA:72,2
DA:73,2
DA:78,4
DA:79,4
DA:80,4
DA:81,1
DA:83,3
DA:84,3
DA:85,2
DA:86,1
DA:87,1
DA:89,1
DA:92,1
DA:93,1
DA:98,2
DA:99,2
DA:100,2
DA:101,0
DA:102,0
DA:104,0
DA:105,0
DA:107,0
DA:110,1
DA:111,0
DA:112,0
DA:113,0
DA:114,0
DA:115,0
DA:116,0
DA:117,0
DA:118,0
DA:119,0
DA:120,0
DA:122,0
DA:127,1
DA:128,0
DA:129,0
DA:130,0
DA:131,0
DA:132,0
DA:133,0
DA:134,0
DA:135,0
DA:136,0
DA:138,0
DA:143,1
DA:144,1
DA:145,1
DA:147,1
DA:154,1
DA:155,1
DA:160,0
DA:161,0
DA:162,0
DA:163,0
DA:166,0
DA:167,0
DA:168,0
DA:169,0
DA:172,0
DA:174,0
DA:175,0
DA:180,0
DA:181,0
DA:182,0
DA:183,0
DA:184,0
DA:189,0
DA:190,0
DA:192,0
DA:195,0
DA:196,0
DA:197,0
DA:198,0
DA:199,0
DA:200,0
DA:201,0
DA:202,0
DA:203,0
DA:204,0
DA:205,0
DA:206,0
DA:208,0
DA:212,0
DA:216,0
DA:218,0
DA:219,0
DA:222,0
DA:224,0
DA:225,0
DA:228,0
DA:230,0
DA:231,0
LF:133
LH:55
BRDA:8,0,0,1
BRDA:8,0,1,1
BRDA:15,1,0,1
BRDA:15,1,1,4
BRDA:18,2,0,2
BRDA:18,2,1,2
BRDA:21,3,0,0
BRDA:21,3,1,2
BRDA:21,4,0,2
BRDA:21,4,1,2
BRDA:24,5,0,1
BRDA:24,5,1,1
BRDA:47,6,0,1
BRDA:47,6,1,5
BRDA:50,7,0,1
BRDA:50,7,1,4
BRDA:53,8,0,0
BRDA:53,8,1,4
BRDA:53,9,0,4
BRDA:53,9,1,4
BRDA:56,10,0,1
BRDA:56,10,1,3
BRDA:60,11,0,2
BRDA:60,11,1,1
BRDA:80,12,0,1
BRDA:80,12,1,3
BRDA:84,13,0,2
BRDA:84,13,1,1
BRDA:99,14,0,0
BRDA:99,15,0,0
BRDA:110,16,0,0
BRDA:110,16,1,1
BRDA:110,17,0,1
BRDA:110,17,1,0
BRDA:112,18,0,0
BRDA:112,18,1,0
BRDA:114,19,0,0
BRDA:114,19,1,0
BRDA:116,20,0,0
BRDA:116,20,1,0
BRDA:118,21,0,0
BRDA:118,21,1,0
BRDA:120,22,0,0
BRDA:120,22,1,0
BRDA:127,23,0,0
BRDA:127,23,1,1
BRDA:129,24,0,0
BRDA:129,24,1,0
BRDA:131,25,0,0
BRDA:131,25,1,0
BRDA:133,26,0,0
BRDA:133,26,1,0
BRDA:135,27,0,0
BRDA:135,27,1,0
BRDA:162,28,0,0
BRDA:162,28,1,0
BRDA:162,29,0,0
BRDA:162,29,1,0
BRDA:195,30,0,0
BRDA:195,30,1,0
BRDA:195,31,0,0
BRDA:195,31,1,0
BRDA:198,32,0,0
BRDA:198,32,1,0
BRDA:200,33,0,0
BRDA:200,33,1,0
BRDA:202,34,0,0
BRDA:202,34,1,0
BRDA:204,35,0,0
BRDA:204,35,1,0
BRDA:206,36,0,0
BRDA:206,36,1,0
BRF:72
BRH:29
end_of_record
TN:
SF:src\middlewares\authMiddleware.js
FN:6,authMiddleware
FN:12,(anonymous_1)
FNF:2
FNH:2
FNDA:3,authMiddleware
FNDA:2,(anonymous_1)
DA:4,1
DA:7,3
DA:8,3
DA:9,1
DA:12,2
DA:13,2
DA:14,1
DA:16,1
DA:17,1
LF:9
LH:9
BRDA:8,0,0,1
BRDA:8,0,1,2
BRDA:13,1,0,1
BRDA:13,1,1,1
BRF:4
BRH:4
end_of_record
TN:
SF:src\middlewares\errorHandlingMiddleware.js
FN:3,errorHandlingMiddleware
FNF:1
FNH:1
FNDA:2,errorHandlingMiddleware
DA:4,2
DA:5,2
DA:7,2
DA:9,2
LF:4
LH:4
BRDA:4,0,0,2
BRDA:4,0,1,1
BRDA:5,1,0,2
BRDA:5,1,1,0
BRDA:12,2,0,0
BRDA:12,2,1,2
BRF:6
BRH:4
end_of_record
TN:
SF:src\middlewares\loggerMiddleware.js
FN:3,loggerMiddleware
FNF:1
FNH:1
FNDA:1,loggerMiddleware
DA:4,1
DA:5,1
LF:2
LH:2
BRF:0
BRH:0
end_of_record
TN:
SF:src\routes\notes.js
FN:30,(anonymous_0)
FN:60,(anonymous_1)
FN:86,(anonymous_2)
FN:103,(anonymous_3)
FN:132,(anonymous_4)
FN:149,(anonymous_5)
FNF:6
FNH:4
FNDA:8,(anonymous_0)
FNDA:9,(anonymous_1)
FNDA:7,(anonymous_2)
FNDA:4,(anonymous_3)
FNDA:0,(anonymous_4)
FNDA:0,(anonymous_5)
DA:5,2
DA:6,2
DA:30,2
DA:31,8
DA:32,8
DA:34,0
DA:60,2
DA:61,9
DA:62,9
DA:64,0
DA:86,2
DA:87,7
DA:88,7
DA:90,0
DA:103,2
DA:104,4
DA:105,4
DA:107,0
DA:132,2
DA:133,0
DA:134,0
DA:136,0
DA:149,2
DA:150,0
DA:151,0
DA:153,0
LF:26
LH:16
BRF:0
BRH:0
end_of_record
TN:
SF:src\utils\logger.js
FN:7,(anonymous_0)
FN:48,(anonymous_1)
FNF:2
FNH:2
FNDA:3,(anonymous_0)
FNDA:1,(anonymous_1)
DA:4,5
DA:8,3
DA:12,5
DA:21,5
DA:29,5
DA:36,5
DA:47,5
DA:49,1
LF:8
LH:8
BRDA:8,0,0,3
BRDA:8,0,1,3
BRF:2
BRH:2
end_of_record
