TN:
SF:src\controllers\notesController.js
FN:4,createNote
FN:19,editNote
FN:38,deleteNote
FN:57,getNotes
FN:62,(anonymous_4)
FN:66,(anonymous_5)
FNF:6
FNH:3
FNDA:3,createNote
FNDA:4,editNote
FNDA:4,deleteNote
FNDA:0,getNotes
FNDA:0,(anonymous_4)
FNDA:0,(anonymous_5)
DA:5,3
DA:6,3
DA:7,1
DA:10,2
DA:11,2
DA:12,2
DA:13,1
DA:15,1
DA:20,4
DA:21,4
DA:22,1
DA:25,3
DA:26,3
DA:27,0
DA:28,0
DA:29,0
DA:31,0
DA:34,1
DA:39,4
DA:40,4
DA:41,1
DA:44,3
DA:45,3
DA:46,0
DA:47,0
DA:48,0
DA:50,0
DA:53,1
DA:58,0
DA:59,0
DA:61,0
DA:62,0
DA:65,0
DA:66,0
DA:67,0
DA:68,0
DA:69,0
DA:70,0
DA:71,0
DA:72,0
DA:74,0
DA:78,0
DA:79,0
DA:80,0
DA:82,0
LF:45
LH:20
BRDA:6,0,0,1
BRDA:6,0,1,2
BRDA:21,1,0,1
BRDA:21,1,1,3
BRDA:26,2,0,0
BRDA:26,2,1,1
BRDA:40,3,0,1
BRDA:40,3,1,3
BRDA:45,4,0,0
BRDA:45,4,1,1
BRDA:58,5,0,0
BRDA:58,6,0,0
BRDA:61,7,0,0
BRDA:61,7,1,0
BRDA:62,8,0,0
BRDA:62,8,1,0
BRDA:65,9,0,0
BRDA:65,9,1,0
BRDA:67,10,0,0
BRDA:67,10,1,0
BRDA:68,11,0,0
BRDA:68,11,1,0
BRDA:69,12,0,0
BRDA:69,12,1,0
BRDA:69,13,0,0
BRDA:69,13,1,0
BRDA:70,14,0,0
BRDA:70,14,1,0
BRDA:71,15,0,0
BRDA:71,15,1,0
BRDA:72,16,0,0
BRDA:72,16,1,0
BRF:32
BRH:8
end_of_record
TN:
SF:src\models\noteModel.js
FN:10,saveNote
FN:22,getNote
FN:30,updateNote
FN:41,deleteNoteFile
FN:48,getAllNotes
FN:50,(anonymous_5)
FN:57,(anonymous_6)
FNF:7
FNH:2
FNDA:2,saveNote
FNDA:6,getNote
FNDA:0,updateNote
FNDA:0,deleteNoteFile
FNDA:0,getAllNotes
FNDA:0,(anonymous_5)
FNDA:0,(anonymous_6)
DA:4,1
DA:6,1
DA:7,1
DA:11,2
DA:12,2
DA:19,2
DA:23,6
DA:24,6
DA:25,4
DA:27,2
DA:31,0
DA:32,0
DA:33,0
DA:34,0
DA:35,0
DA:36,0
DA:37,0
DA:42,0
DA:43,0
DA:44,0
DA:49,0
DA:50,0
DA:51,0
DA:52,0
DA:54,0
DA:55,0
DA:57,0
LF:27
LH:10
BRDA:6,0,0,1
BRDA:6,0,1,0
BRDA:24,1,0,4
BRDA:24,1,1,2
BRDA:32,2,0,0
BRDA:32,2,1,0
BRDA:43,3,0,0
BRDA:43,3,1,0
BRF:8
BRH:3
end_of_record
