TN:
SF:src\controllers\notesController.js
FN:11,createNote
FN:27,editNote
FN:47,deleteNote
FNF:3
FNH:3
FNDA:3,createNote
FNDA:4,editNote
FNDA:4,deleteNote
DA:5,1
DA:7,1
DA:8,1
DA:12,3
DA:13,3
DA:14,1
DA:17,2
DA:18,2
DA:19,2
DA:20,2
DA:21,1
DA:23,1
DA:28,4
DA:29,4
DA:30,1
DA:33,3
DA:34,3
DA:35,3
DA:36,2
DA:37,2
DA:38,1
DA:40,1
DA:43,1
DA:48,4
DA:49,4
DA:50,1
DA:53,3
DA:54,3
DA:55,3
DA:56,2
DA:57,2
DA:58,1
DA:60,1
DA:63,1
LF:34
LH:34
BRDA:7,0,0,1
BRDA:7,0,1,0
BRDA:13,1,0,1
BRDA:13,1,1,2
BRDA:29,2,0,1
BRDA:29,2,1,3
BRDA:35,3,0,2
BRDA:35,3,1,1
BRDA:49,4,0,1
BRDA:49,4,1,3
BRDA:55,5,0,2
BRDA:55,5,1,1
BRF:12
BRH:11
end_of_record
