TN:
SF:src\controllers\notesController.js
FN:7,createNote
FN:22,editNote
FN:41,deleteNote
FN:60,getNotes
FN:65,(anonymous_4)
FN:69,(anonymous_5)
FN:93,importNotes
FN:99,(anonymous_7)
FN:116,exportNotes
FN:120,(anonymous_9)
FN:127,(anonymous_10)
FN:131,(anonymous_11)
FN:138,(anonymous_12)
FNF:13
FNH:3
FNDA:3,createNote
FNDA:4,editNote
FNDA:4,deleteNote
FNDA:0,getNotes
FNDA:0,(anonymous_4)
FNDA:0,(anonymous_5)
FNDA:0,importNotes
FNDA:0,(anonymous_7)
FNDA:0,exportNotes
FNDA:0,(anonymous_9)
FNDA:0,(anonymous_10)
FNDA:0,(anonymous_11)
FNDA:0,(anonymous_12)
DA:8,3
DA:9,3
DA:10,1
DA:13,2
DA:14,2
DA:15,2
DA:16,1
DA:18,1
DA:23,4
DA:24,4
DA:25,1
DA:28,3
DA:29,3
DA:30,0
DA:31,0
DA:32,0
DA:34,0
DA:37,1
DA:42,4
DA:43,4
DA:44,1
DA:47,3
DA:48,3
DA:49,0
DA:50,0
DA:51,0
DA:53,0
DA:56,1
DA:61,0
DA:62,0
DA:64,0
DA:65,0
DA:68,0
DA:69,0
DA:70,0
DA:71,0
DA:72,0
DA:73,0
DA:74,0
DA:75,0
DA:77,0
DA:81,0
DA:82,0
DA:83,0
DA:85,0
DA:94,0
DA:95,0
DA:96,0
DA:99,0
DA:100,0
DA:101,0
DA:102,0
DA:109,0
DA:110,0
DA:113,0
DA:117,0
DA:118,0
DA:119,0
DA:120,0
DA:121,0
DA:122,0
DA:124,0
DA:125,0
DA:127,0
DA:129,0
DA:130,0
DA:131,0
DA:134,0
DA:135,0
DA:136,0
DA:138,0
DA:139,0
DA:140,0
DA:143,0
LF:74
LH:20
BRDA:9,0,0,1
BRDA:9,0,1,2
BRDA:24,1,0,1
BRDA:24,1,1,3
BRDA:29,2,0,0
BRDA:29,2,1,1
BRDA:43,3,0,1
BRDA:43,3,1,3
BRDA:48,4,0,0
BRDA:48,4,1,1
BRDA:61,5,0,0
BRDA:61,6,0,0
BRDA:64,7,0,0
BRDA:64,7,1,0
BRDA:65,8,0,0
BRDA:65,8,1,0
BRDA:68,9,0,0
BRDA:68,9,1,0
BRDA:70,10,0,0
BRDA:70,10,1,0
BRDA:71,11,0,0
BRDA:71,11,1,0
BRDA:72,12,0,0
BRDA:72,12,1,0
BRDA:72,13,0,0
BRDA:72,13,1,0
BRDA:73,14,0,0
BRDA:73,14,1,0
BRDA:74,15,0,0
BRDA:74,15,1,0
BRDA:75,16,0,0
BRDA:75,16,1,0
BRDA:95,17,0,0
BRDA:95,17,1,0
BRDA:130,18,0,0
BRDA:130,18,1,0
BRDA:131,19,0,0
BRDA:131,19,1,0
BRF:38
BRH:8
end_of_record
TN:
SF:src\models\noteModel.js
FN:10,saveNote
FN:22,getNote
FN:30,updateNote
FN:41,deleteNoteFile
FN:48,getAllNotes
FN:50,(anonymous_5)
FN:57,(anonymous_6)
FNF:7
FNH:2
FNDA:2,saveNote
FNDA:6,getNote
FNDA:0,updateNote
FNDA:0,deleteNoteFile
FNDA:0,getAllNotes
FNDA:0,(anonymous_5)
FNDA:0,(anonymous_6)
DA:4,1
DA:6,1
DA:7,1
DA:11,2
DA:12,2
DA:19,2
DA:23,6
DA:24,6
DA:25,4
DA:27,2
DA:31,0
DA:32,0
DA:33,0
DA:34,0
DA:35,0
DA:36,0
DA:37,0
DA:42,0
DA:43,0
DA:44,0
DA:49,0
DA:50,0
DA:51,0
DA:52,0
DA:54,0
DA:55,0
DA:57,0
LF:27
LH:10
BRDA:6,0,0,1
BRDA:6,0,1,0
BRDA:24,1,0,4
BRDA:24,1,1,2
BRDA:32,2,0,0
BRDA:32,2,1,0
BRDA:43,3,0,0
BRDA:43,3,1,0
BRF:8
BRH:3
end_of_record
